2024-11-29 21:44:50,406:INFO:src.excel_sync:Excel同期処理スレッドを開始しました。
2024-11-29 21:44:50,407:DEBUG:src.excel_sync:同期処理スレッドを作成しました。
2024-11-29 21:46:50,408:INFO:src.excel_sync:Excel同期処理スレッドを開始しました。
2024-11-29 21:46:50,408:DEBUG:src.excel_sync:同期処理スレッドを作成しました。
2024-11-29 21:46:50,409:DEBUG:src.excel_sync:_runメソッドが開始しました。
2024-11-29 21:47:28,309:INFO:src.excel_sync:Excel同期処理スレッドを開始しました。
2024-11-29 21:47:28,309:DEBUG:src.excel_sync:同期処理スレッドを作成しました。
2024-11-29 21:47:28,310:DEBUG:src.excel_sync:_runメソッドが開始しました。
2024-11-29 21:48:26,176:INFO:src.excel_sync:Excel同期処理スレッドを開始しました。
2024-11-29 21:48:26,177:DEBUG:src.excel_sync:同期処理スレッドを作成しました。
2024-11-29 21:48:26,177:DEBUG:src.excel_sync:_runメソッドが開始しました。
2024-11-29 21:51:42,802:INFO:src.excel_sync:Excel同期処理スレッドを開始しました。
2024-11-29 21:51:42,803:DEBUG:src.excel_sync:同期処理スレッドを作成しました。
2024-11-29 21:51:42,804:DEBUG:src.excel_sync:_runメソッドが開始しました。
2024-11-29 21:51:42,804:DEBUG:src.excel_sync:COMライブラリの初期化を試みました。
2024-11-29 21:58:07,002:INFO:src.excel_sync:Excel同期処理スレッドを開始しました。
2024-11-29 21:58:07,002:DEBUG:src.excel_sync:同期処理スレッドを作成しました。
2024-11-29 21:58:07,003:DEBUG:src.excel_sync:_runメソッドが開始しました。
2024-11-29 22:03:53,542:INFO:src.excel_sync:Excel同期処理スレッドを開始しました。
2024-11-29 22:03:53,543:DEBUG:src.excel_sync:同期処理スレッドを作成しました。
2024-11-29 22:03:53,543:DEBUG:src.excel_sync:_runメソッドが開始しました。
2024-11-29 22:07:38,459:INFO:src.excel_sync:Excel同期処理スレッドを開始しました。
2024-11-29 22:07:38,460:DEBUG:src.excel_sync:同期処理スレッドを作成しました。
2024-11-29 22:07:38,461:DEBUG:src.excel_sync:_runメソッドが開始しました。
2024-11-29 22:07:53,079:INFO:src.excel_sync:Excel同期処理スレッドを開始しました。
2024-11-29 22:07:53,080:DEBUG:src.excel_sync:同期処理スレッドを作成しました。
2024-11-29 22:07:53,080:DEBUG:src.excel_sync:_runメソッドが開始しました。
2024-11-29 22:16:28,067:INFO:src.excel_sync:Excel同期処理スレッドを開始しました。
2024-11-29 22:16:28,068:DEBUG:src.excel_sync:同期処理スレッドを作成しました。
2024-11-29 22:16:28,069:DEBUG:src.excel_sync:_runメソッドが開始しました。
2024-11-29 22:16:28,069:DEBUG:src.excel_sync:COMライブラリを初期化しました。
2024-11-29 22:16:28,070:INFO:src.excel_sync:Excelアプリケーションを起動します。
2024-11-29 22:16:30,607:DEBUG:src.excel_sync:Excelアプリケーションを作成しました。
2024-11-29 22:16:30,608:INFO:src.excel_sync:C:\Users\eisuke_koresawa\project\kpi_sync\data\TS_todays_activity.xlsxの同期を開始します。
2024-11-29 22:16:31,370:DEBUG:src.excel_sync:ワークブックを同期しています。
2024-11-29 22:16:36,683:INFO:src.excel_sync:C:\Users\eisuke_koresawa\project\kpi_sync\data\TS_todays_activity.xlsxの同期が完了しました。
2024-11-29 22:16:36,690:INFO:src.excel_sync:Excelアプリケーションを終了しました。
2024-11-29 22:16:36,690:INFO:src.excel_sync:Excelアプリケーションを起動します。
2024-11-29 22:16:39,148:INFO:src.excel_sync:C:\Users\eisuke_koresawa\project\kpi_sync\data\TS_todays_close.xlsxの同期を開始します。
2024-11-29 22:16:39,488:DEBUG:src.excel_sync:ワークブックを同期しています。
2024-11-29 22:16:44,681:INFO:src.excel_sync:C:\Users\eisuke_koresawa\project\kpi_sync\data\TS_todays_close.xlsxの同期が完了しました。
2024-11-29 22:16:44,687:INFO:src.excel_sync:Excelアプリケーションを終了しました。
2024-11-29 22:16:44,687:INFO:src.excel_sync:Excelアプリケーションを起動します。
2024-11-29 22:16:47,081:INFO:src.excel_sync:C:\Users\eisuke_koresawa\project\kpi_sync\data\TS_todays_support.xlsxの同期を開始します。
2024-11-29 22:16:47,700:DEBUG:src.excel_sync:ワークブックを同期しています。
2024-11-29 22:16:52,904:INFO:src.excel_sync:C:\Users\eisuke_koresawa\project\kpi_sync\data\TS_todays_support.xlsxの同期が完了しました。
2024-11-29 22:16:52,912:INFO:src.excel_sync:Excelアプリケーションを終了しました。
2024-11-29 22:16:52,912:INFO:src.excel_sync:Excelアプリケーションを起動します。
2024-11-29 22:16:55,411:INFO:src.excel_sync:Excelアプリケーションを終了します。
2024-11-29 22:16:57,642:DEBUG:src.excel_sync:COMライブラリを終了しました。
2024-11-29 22:22:26,339:INFO:src.excel_sync:Excel同期処理スレッドを開始しました。
2024-11-29 22:22:26,340:DEBUG:src.excel_sync:同期処理スレッドを作成しました。
2024-11-29 22:22:26,341:DEBUG:src.excel_sync:_runメソッドが開始しました。
2024-11-29 22:22:26,341:DEBUG:src.excel_sync:COMライブラリを初期化しました。
2024-11-29 22:22:26,341:INFO:src.excel_sync:Excelアプリケーションを起動します。
2024-11-29 22:22:28,728:DEBUG:src.excel_sync:Excelアプリケーションを作成しました。
2024-11-29 22:22:28,729:INFO:src.excel_sync:C:\Users\eisuke_koresawa\project\kpi_sync\data\TS_todays_activity.xlsxの同期を開始します。
2024-11-29 22:22:29,436:DEBUG:src.excel_sync:ワークブックを同期しています。
2024-11-29 22:22:34,657:INFO:src.excel_sync:C:\Users\eisuke_koresawa\project\kpi_sync\data\TS_todays_activity.xlsxの同期が完了しました。
2024-11-29 22:22:34,664:INFO:src.excel_sync:Excelアプリケーションを終了しました。
2024-11-29 22:22:34,664:INFO:src.excel_sync:Excelアプリケーションを起動します。
2024-11-29 22:22:37,037:INFO:src.excel_sync:C:\Users\eisuke_koresawa\project\kpi_sync\data\TS_todays_close.xlsxの同期を開始します。
2024-11-29 22:22:37,384:DEBUG:src.excel_sync:ワークブックを同期しています。
2024-11-29 22:22:42,540:INFO:src.excel_sync:C:\Users\eisuke_koresawa\project\kpi_sync\data\TS_todays_close.xlsxの同期が完了しました。
2024-11-29 22:22:42,546:INFO:src.excel_sync:Excelアプリケーションを終了しました。
2024-11-29 22:22:42,546:INFO:src.excel_sync:Excelアプリケーションを起動します。
2024-11-29 22:22:44,911:INFO:src.excel_sync:C:\Users\eisuke_koresawa\project\kpi_sync\data\TS_todays_support.xlsxの同期を開始します。
2024-11-29 22:22:45,611:DEBUG:src.excel_sync:ワークブックを同期しています。
2024-11-29 22:22:50,789:INFO:src.excel_sync:C:\Users\eisuke_koresawa\project\kpi_sync\data\TS_todays_support.xlsxの同期が完了しました。
2024-11-29 22:22:50,798:INFO:src.excel_sync:Excelアプリケーションを終了しました。
2024-11-29 22:22:50,799:INFO:src.excel_sync:Excelアプリケーションを起動します。
2024-11-29 22:22:53,265:INFO:src.excel_sync:Excelアプリケーションを終了します。
2024-11-29 22:22:55,524:DEBUG:src.excel_sync:COMライブラリを終了しました。
2024-11-29 22:24:49,843:INFO:src.excel_sync:Excel同期処理スレッドを開始しました。
2024-11-29 22:24:49,844:INFO:src.excel_sync:Excelアプリケーションを起動します。
2024-11-29 22:24:52,212:INFO:src.excel_sync:C:\Users\eisuke_koresawa\project\kpi_sync\data\TS_todays_activity.xlsxの同期を開始します。
2024-11-29 22:24:58,323:INFO:src.excel_sync:C:\Users\eisuke_koresawa\project\kpi_sync\data\TS_todays_activity.xlsxの同期が完了しました。
2024-11-29 22:24:58,330:INFO:src.excel_sync:Excelアプリケーションを終了しました。
2024-11-29 22:24:58,331:INFO:src.excel_sync:Excelアプリケーションを起動します。
2024-11-29 22:25:00,859:INFO:src.excel_sync:C:\Users\eisuke_koresawa\project\kpi_sync\data\TS_todays_close.xlsxの同期を開始します。
2024-11-29 22:25:06,348:INFO:src.excel_sync:C:\Users\eisuke_koresawa\project\kpi_sync\data\TS_todays_close.xlsxの同期が完了しました。
2024-11-29 22:25:06,354:INFO:src.excel_sync:Excelアプリケーションを終了しました。
2024-11-29 22:25:06,354:INFO:src.excel_sync:Excelアプリケーションを起動します。
2024-11-29 22:25:08,765:INFO:src.excel_sync:C:\Users\eisuke_koresawa\project\kpi_sync\data\TS_todays_support.xlsxの同期を開始します。
2024-11-29 22:25:14,620:INFO:src.excel_sync:C:\Users\eisuke_koresawa\project\kpi_sync\data\TS_todays_support.xlsxの同期が完了しました。
2024-11-29 22:25:14,629:INFO:src.excel_sync:Excelアプリケーションを終了しました。
2024-11-29 22:25:14,629:INFO:src.excel_sync:Excelアプリケーションを起動します。
2024-11-29 22:25:16,994:INFO:src.excel_sync:Excelアプリケーションを終了します。
